# JRE version: OpenJDK Runtime Environment (17.0.9) (build 17.0.9+0--11362436)
# Java VM: OpenJDK 64-Bit Server VM (17.0.9+0--11362436, mixed mode, tiered, compressed oops, compressed class ptrs, g1 gc, windows-amd64)
GC Precious Log:
 CPUs: 8 total, 8 available
 Memory: 7939M
 Large Page Support: Disabled
 NUMA Support: Disabled
 Compressed Oops: Enabled (32-bit)
 Heap Region Size: 1M
 Heap Min Capacity: 8M
 Heap Initial Capacity: 126M
 Heap Max Capacity: 2G
 Pre-touch: Disabled
 Parallel Workers: 8
 Concurrent Workers: 2
 Concurrent Refinement Workers: 8
 Periodic GC: Disabled
Heap:
 garbage-first heap   total 488448K, used 338424K [0x0000000080000000, 0x0000000100000000)
  region size 1024K, 29 young (29696K), 2 survivors (2048K)
 Metaspace       used 193252K, committed 194368K, reserved 1245184K
  class space    used 24825K, committed 25344K, reserved 1048576K
GC Heap History (20 events):
Event: 50.734 GC heap before
{Heap before GC invocations=133 (full 0):
 garbage-first heap   total 324608K, used 298364K [0x0000000080000000, 0x0000000100000000)
  region size 1024K, 15 young (15360K), 2 survivors (2048K)
 Metaspace       used 192776K, committed 193856K, reserved 1245184K
  class space    used 24751K, committed 25280K, reserved 1048576K
}
Event: 50.736 GC heap after
{Heap after GC invocations=134 (full 0):
 garbage-first heap   total 324608K, used 285494K [0x0000000080000000, 0x0000000100000000)
  region size 1024K, 2 young (2048K), 2 survivors (2048K)
 Metaspace       used 192776K, committed 193856K, reserved 1245184K
  class space    used 24751K, committed 25280K, reserved 1048576K
}
Event: 50.870 GC heap before
{Heap before GC invocations=134 (full 0):
 garbage-first heap   total 324608K, used 298806K [0x0000000080000000, 0x0000000100000000)
  region size 1024K, 15 young (15360K), 2 survivors (2048K)
 Metaspace       used 192776K, committed 193856K, reserved 1245184K
  class space    used 24751K, committed 25280K, reserved 1048576K
}
Event: 50.873 GC heap after
{Heap after GC invocations=135 (full 0):
 garbage-first heap   total 324608K, used 285899K [0x0000000080000000, 0x0000000100000000)
  region size 1024K, 2 young (2048K), 2 survivors (2048K)
 Metaspace       used 192776K, committed 193856K, reserved 1245184K
  class space    used 24751K, committed 25280K, reserved 1048576K
}
Event: 50.996 GC heap before
{Heap before GC invocations=135 (full 0):
 garbage-first heap   total 324608K, used 299211K [0x0000000080000000, 0x0000000100000000)
  region size 1024K, 15 young (15360K), 2 survivors (2048K)
 Metaspace       used 192776K, committed 193856K, reserved 1245184K
  class space    used 24751K, committed 25280K, reserved 1048576K
}
Event: 50.999 GC heap after
{Heap after GC invocations=136 (full 0):
 garbage-first heap   total 324608K, used 286325K [0x0000000080000000, 0x0000000100000000)
  region size 1024K, 2 young (2048K), 2 survivors (2048K)
 Metaspace       used 192776K, committed 193856K, reserved 1245184K
  class space    used 24751K, committed 25280K, reserved 1048576K
}
Event: 51.091 GC heap before
{Heap before GC invocations=136 (full 0):
 garbage-first heap   total 324608K, used 299637K [0x0000000080000000, 0x0000000100000000)
  region size 1024K, 15 young (15360K), 2 survivors (2048K)
 Metaspace       used 192778K, committed 193856K, reserved 1245184K
  class space    used 24751K, committed 25280K, reserved 1048576K
}
Event: 51.093 GC heap after
{Heap after GC invocations=137 (full 0):
 garbage-first heap   total 324608K, used 286730K [0x0000000080000000, 0x0000000100000000)
  region size 1024K, 2 young (2048K), 2 survivors (2048K)
 Metaspace       used 192778K, committed 193856K, reserved 1245184K
  class space    used 24751K, committed 25280K, reserved 1048576K
}
Event: 51.250 GC heap before
{Heap before GC invocations=137 (full 0):
 garbage-first heap   total 324608K, used 300042K [0x0000000080000000, 0x0000000100000000)
  region size 1024K, 15 young (15360K), 2 survivors (2048K)
 Metaspace       used 192778K, committed 193856K, reserved 1245184K
  class space    used 24751K, committed 25280K, reserved 1048576K
}
Event: 51.253 GC heap after
{Heap after GC invocations=138 (full 0):
 garbage-first heap   total 324608K, used 287169K [0x0000000080000000, 0x0000000100000000)
  region size 1024K, 2 young (2048K), 2 survivors (2048K)
 Metaspace       used 192778K, committed 193856K, reserved 1245184K
  class space    used 24751K, committed 25280K, reserved 1048576K
}
Event: 51.412 GC heap before
{Heap before GC invocations=138 (full 0):
 garbage-first heap   total 324608K, used 300481K [0x0000000080000000, 0x0000000100000000)
  region size 1024K, 15 young (15360K), 2 survivors (2048K)
 Metaspace       used 192778K, committed 193856K, reserved 1245184K
  class space    used 24751K, committed 25280K, reserved 1048576K
}
Event: 51.414 GC heap after
{Heap after GC invocations=139 (full 0):
 garbage-first heap   total 324608K, used 287626K [0x0000000080000000, 0x0000000100000000)
  region size 1024K, 2 young (2048K), 2 survivors (2048K)
 Metaspace       used 192778K, committed 193856K, reserved 1245184K
  class space    used 24751K, committed 25280K, reserved 1048576K
}
Event: 51.565 GC heap before
{Heap before GC invocations=139 (full 0):
 garbage-first heap   total 324608K, used 300938K [0x0000000080000000, 0x0000000100000000)
  region size 1024K, 15 young (15360K), 2 survivors (2048K)
 Metaspace       used 192778K, committed 193856K, reserved 1245184K
  class space    used 24751K, committed 25280K, reserved 1048576K
}
Event: 51.568 GC heap after
{Heap after GC invocations=140 (full 0):
 garbage-first heap   total 324608K, used 288080K [0x0000000080000000, 0x0000000100000000)
  region size 1024K, 2 young (2048K), 2 survivors (2048K)
 Metaspace       used 192778K, committed 193856K, reserved 1245184K
  class space    used 24751K, committed 25280K, reserved 1048576K
}
Event: 51.715 GC heap before
{Heap before GC invocations=140 (full 0):
 garbage-first heap   total 324608K, used 300368K [0x0000000080000000, 0x0000000100000000)
  region size 1024K, 15 young (15360K), 2 survivors (2048K)
 Metaspace       used 192778K, committed 193856K, reserved 1245184K
  class space    used 24751K, committed 25280K, reserved 1048576K
}
Event: 51.717 GC heap after
{Heap after GC invocations=141 (full 0):
 garbage-first heap   total 324608K, used 288487K [0x0000000080000000, 0x0000000100000000)
  region size 1024K, 2 young (2048K), 2 survivors (2048K)
 Metaspace       used 192778K, committed 193856K, reserved 1245184K
  class space    used 24751K, committed 25280K, reserved 1048576K
}
Event: 51.852 GC heap before
{Heap before GC invocations=141 (full 0):
 garbage-first heap   total 324608K, used 300775K [0x0000000080000000, 0x0000000100000000)
  region size 1024K, 15 young (15360K), 2 survivors (2048K)
 Metaspace       used 192778K, committed 193856K, reserved 1245184K
  class space    used 24751K, committed 25280K, reserved 1048576K
}
Event: 51.856 GC heap after
{Heap after GC invocations=142 (full 0):
 garbage-first heap   total 324608K, used 289315K [0x0000000080000000, 0x0000000100000000)
  region size 1024K, 2 young (2048K), 2 survivors (2048K)
 Metaspace       used 192778K, committed 193856K, reserved 1245184K
  class space    used 24751K, committed 25280K, reserved 1048576K
}
Event: 52.001 GC heap before
{Heap before GC invocations=142 (full 0):
 garbage-first heap   total 488448K, used 299555K [0x0000000080000000, 0x0000000100000000)
  region size 1024K, 15 young (15360K), 2 survivors (2048K)
 Metaspace       used 192778K, committed 193856K, reserved 1245184K
  class space    used 24751K, committed 25280K, reserved 1048576K
}
Event: 52.006 GC heap after
{Heap after GC invocations=143 (full 0):
 garbage-first heap   total 488448K, used 287224K [0x0000000080000000, 0x0000000100000000)
  region size 1024K, 2 young (2048K), 2 survivors (2048K)
 Metaspace       used 192778K, committed 193856K, reserved 1245184K
  class space    used 24751K, committed 25280K, reserved 1048576K
}

