# JRE version: OpenJDK Runtime Environment (17.0.9) (build 17.0.9+0--11362436)
# Java VM: OpenJDK 64-Bit Server VM (17.0.9+0--11362436, mixed mode, tiered, compressed oops, compressed class ptrs, g1 gc, windows-amd64)
GC Precious Log:
 CPUs: 8 total, 8 available
 Memory: 7939M
 Large Page Support: Disabled
 NUMA Support: Disabled
 Compressed Oops: Enabled (32-bit)
 Heap Region Size: 1M
 Heap Min Capacity: 8M
 Heap Initial Capacity: 126M
 Heap Max Capacity: 2G
 Pre-touch: Disabled
 Parallel Workers: 8
 Concurrent Workers: 2
 Concurrent Refinement Workers: 8
 Periodic GC: Disabled
Heap:
 garbage-first heap   total 305152K, used 144503K [0x0000000080000000, 0x0000000100000000)
  region size 1024K, 36 young (36864K), 6 survivors (6144K)
 Metaspace       used 94671K, committed 95552K, reserved 1179648K
  class space    used 13013K, committed 13376K, reserved 1048576K
GC Heap History (20 events):
Event: 10.923 GC heap before
{Heap before GC invocations=31 (full 0):
 garbage-first heap   total 121856K, used 101056K [0x0000000080000000, 0x0000000100000000)
  region size 1024K, 16 young (16384K), 1 survivors (1024K)
 Metaspace       used 62949K, committed 63680K, reserved 1114112K
  class space    used 8589K, committed 8896K, reserved 1048576K
}
Event: 10.925 GC heap after
{Heap after GC invocations=32 (full 0):
 garbage-first heap   total 121856K, used 85932K [0x0000000080000000, 0x0000000100000000)
  region size 1024K, 1 young (1024K), 1 survivors (1024K)
 Metaspace       used 62949K, committed 63680K, reserved 1114112K
  class space    used 8589K, committed 8896K, reserved 1048576K
}
Event: 11.189 GC heap before
{Heap before GC invocations=33 (full 0):
 garbage-first heap   total 152576K, used 101292K [0x0000000080000000, 0x0000000100000000)
  region size 1024K, 17 young (17408K), 1 survivors (1024K)
 Metaspace       used 64539K, committed 65216K, reserved 1114112K
  class space    used 8756K, committed 9024K, reserved 1048576K
}
Event: 11.192 GC heap after
{Heap after GC invocations=34 (full 0):
 garbage-first heap   total 152576K, used 86345K [0x0000000080000000, 0x0000000100000000)
  region size 1024K, 1 young (1024K), 1 survivors (1024K)
 Metaspace       used 64539K, committed 65216K, reserved 1114112K
  class space    used 8756K, committed 9024K, reserved 1048576K
}
Event: 11.258 GC heap before
{Heap before GC invocations=34 (full 0):
 garbage-first heap   total 152576K, used 91465K [0x0000000080000000, 0x0000000100000000)
  region size 1024K, 7 young (7168K), 1 survivors (1024K)
 Metaspace       used 65075K, committed 65728K, reserved 1114112K
  class space    used 8829K, committed 9088K, reserved 1048576K
}
Event: 11.261 GC heap after
{Heap after GC invocations=35 (full 0):
 garbage-first heap   total 152576K, used 85916K [0x0000000080000000, 0x0000000100000000)
  region size 1024K, 1 young (1024K), 1 survivors (1024K)
 Metaspace       used 65075K, committed 65728K, reserved 1114112K
  class space    used 8829K, committed 9088K, reserved 1048576K
}
Event: 11.943 GC heap before
{Heap before GC invocations=35 (full 0):
 garbage-first heap   total 152576K, used 121756K [0x0000000080000000, 0x0000000100000000)
  region size 1024K, 36 young (36864K), 1 survivors (1024K)
 Metaspace       used 69357K, committed 70080K, reserved 1114112K
  class space    used 9361K, committed 9664K, reserved 1048576K
}
Event: 11.947 GC heap after
{Heap after GC invocations=36 (full 0):
 garbage-first heap   total 152576K, used 87216K [0x0000000080000000, 0x0000000100000000)
  region size 1024K, 2 young (2048K), 2 survivors (2048K)
 Metaspace       used 69357K, committed 70080K, reserved 1114112K
  class space    used 9361K, committed 9664K, reserved 1048576K
}
Event: 12.669 GC heap before
{Heap before GC invocations=37 (full 0):
 garbage-first heap   total 152576K, used 130224K [0x0000000080000000, 0x0000000100000000)
  region size 1024K, 38 young (38912K), 2 survivors (2048K)
 Metaspace       used 72402K, committed 73088K, reserved 1114112K
  class space    used 9766K, committed 10048K, reserved 1048576K
}
Event: 12.675 GC heap after
{Heap after GC invocations=38 (full 0):
 garbage-first heap   total 152576K, used 91347K [0x0000000080000000, 0x0000000100000000)
  region size 1024K, 5 young (5120K), 5 survivors (5120K)
 Metaspace       used 72402K, committed 73088K, reserved 1114112K
  class space    used 9766K, committed 10048K, reserved 1048576K
}
Event: 12.704 GC heap before
{Heap before GC invocations=38 (full 0):
 garbage-first heap   total 152576K, used 92371K [0x0000000080000000, 0x0000000100000000)
  region size 1024K, 7 young (7168K), 5 survivors (5120K)
 Metaspace       used 72560K, committed 73280K, reserved 1114112K
  class space    used 9786K, committed 10112K, reserved 1048576K
}
Event: 12.709 GC heap after
{Heap after GC invocations=39 (full 0):
 garbage-first heap   total 152576K, used 91704K [0x0000000080000000, 0x0000000100000000)
  region size 1024K, 1 young (1024K), 1 survivors (1024K)
 Metaspace       used 72560K, committed 73280K, reserved 1114112K
  class space    used 9786K, committed 10112K, reserved 1048576K
}
Event: 13.198 GC heap before
{Heap before GC invocations=39 (full 0):
 garbage-first heap   total 152576K, used 124472K [0x0000000080000000, 0x0000000100000000)
  region size 1024K, 33 young (33792K), 1 survivors (1024K)
 Metaspace       used 74852K, committed 75584K, reserved 1179648K
  class space    used 10097K, committed 10432K, reserved 1048576K
}
Event: 13.203 GC heap after
{Heap after GC invocations=40 (full 0):
 garbage-first heap   total 305152K, used 93121K [0x0000000080000000, 0x0000000100000000)
  region size 1024K, 3 young (3072K), 3 survivors (3072K)
 Metaspace       used 74852K, committed 75584K, reserved 1179648K
  class space    used 10097K, committed 10432K, reserved 1048576K
}
Event: 15.641 GC heap before
{Heap before GC invocations=41 (full 0):
 garbage-first heap   total 305152K, used 222145K [0x0000000080000000, 0x0000000100000000)
  region size 1024K, 125 young (128000K), 3 survivors (3072K)
 Metaspace       used 83834K, committed 84544K, reserved 1179648K
  class space    used 11344K, committed 11648K, reserved 1048576K
}
Event: 15.655 GC heap after
{Heap after GC invocations=42 (full 0):
 garbage-first heap   total 305152K, used 106110K [0x0000000080000000, 0x0000000100000000)
  region size 1024K, 11 young (11264K), 11 survivors (11264K)
 Metaspace       used 83834K, committed 84544K, reserved 1179648K
  class space    used 11344K, committed 11648K, reserved 1048576K
}
Event: 15.687 GC heap before
{Heap before GC invocations=42 (full 0):
 garbage-first heap   total 305152K, used 109182K [0x0000000080000000, 0x0000000100000000)
  region size 1024K, 14 young (14336K), 11 survivors (11264K)
 Metaspace       used 83838K, committed 84544K, reserved 1179648K
  class space    used 11344K, committed 11648K, reserved 1048576K
}
Event: 15.698 GC heap after
{Heap after GC invocations=43 (full 0):
 garbage-first heap   total 305152K, used 107184K [0x0000000080000000, 0x0000000100000000)
  region size 1024K, 2 young (2048K), 2 survivors (2048K)
 Metaspace       used 83838K, committed 84544K, reserved 1179648K
  class space    used 11344K, committed 11648K, reserved 1048576K
}
Event: 17.741 GC heap before
{Heap before GC invocations=43 (full 0):
 garbage-first heap   total 305152K, used 239280K [0x0000000080000000, 0x0000000100000000)
  region size 1024K, 131 young (134144K), 2 survivors (2048K)
 Metaspace       used 92523K, committed 93248K, reserved 1179648K
  class space    used 12752K, committed 13056K, reserved 1048576K
}
Event: 17.749 GC heap after
{Heap after GC invocations=44 (full 0):
 garbage-first heap   total 305152K, used 110711K [0x0000000080000000, 0x0000000100000000)
  region size 1024K, 6 young (6144K), 6 survivors (6144K)
 Metaspace       used 92523K, committed 93248K, reserved 1179648K
  class space    used 12752K, committed 13056K, reserved 1048576K
}

