# JRE version: OpenJDK Runtime Environment (17.0.9) (build 17.0.9+0--11362436)
# Java VM: OpenJDK 64-Bit Server VM (17.0.9+0--11362436, mixed mode, tiered, compressed oops, compressed class ptrs, g1 gc, windows-amd64)
GC Precious Log:
 CPUs: 8 total, 8 available
 Memory: 7939M
 Large Page Support: Disabled
 NUMA Support: Disabled
 Compressed Oops: Enabled (32-bit)
 Heap Region Size: 1M
 Heap Min Capacity: 8M
 Heap Initial Capacity: 126M
 Heap Max Capacity: 1986M
 Pre-touch: Disabled
 Parallel Workers: 8
 Concurrent Workers: 2
 Concurrent Refinement Workers: 8
 Periodic GC: Disabled
Heap:
 garbage-first heap   total 220160K, used 104930K [0x0000000083e00000, 0x0000000100000000)
  region size 1024K, 50 young (51200K), 1 survivors (1024K)
 Metaspace       used 78237K, committed 78528K, reserved 1179648K
  class space    used 8924K, committed 9088K, reserved 1048576K
GC Heap History (20 events):
Event: 7.222 GC heap before
{Heap before GC invocations=13 (full 0):
 garbage-first heap   total 73728K, used 55632K [0x0000000083e00000, 0x0000000100000000)
  region size 1024K, 25 young (25600K), 3 survivors (3072K)
 Metaspace       used 52147K, committed 52352K, reserved 1114112K
  class space    used 6272K, committed 6336K, reserved 1048576K
}
Event: 7.236 GC heap after
{Heap after GC invocations=14 (full 0):
 garbage-first heap   total 73728K, used 34090K [0x0000000083e00000, 0x0000000100000000)
  region size 1024K, 2 young (2048K), 2 survivors (2048K)
 Metaspace       used 52147K, committed 52352K, reserved 1114112K
  class space    used 6272K, committed 6336K, reserved 1048576K
}
Event: 7.791 GC heap before
{Heap before GC invocations=14 (full 0):
 garbage-first heap   total 73728K, used 56618K [0x0000000083e00000, 0x0000000100000000)
  region size 1024K, 24 young (24576K), 2 survivors (2048K)
 Metaspace       used 52764K, committed 52992K, reserved 1114112K
  class space    used 6296K, committed 6400K, reserved 1048576K
}
Event: 7.805 GC heap after
{Heap after GC invocations=15 (full 0):
 garbage-first heap   total 73728K, used 37392K [0x0000000083e00000, 0x0000000100000000)
  region size 1024K, 3 young (3072K), 3 survivors (3072K)
 Metaspace       used 52764K, committed 52992K, reserved 1114112K
  class space    used 6296K, committed 6400K, reserved 1048576K
}
Event: 8.316 GC heap before
{Heap before GC invocations=15 (full 0):
 garbage-first heap   total 73728K, used 56848K [0x0000000083e00000, 0x0000000100000000)
  region size 1024K, 22 young (22528K), 3 survivors (3072K)
 Metaspace       used 54178K, committed 54400K, reserved 1114112K
  class space    used 6454K, committed 6528K, reserved 1048576K
}
Event: 8.331 GC heap after
{Heap after GC invocations=16 (full 0):
 garbage-first heap   total 73728K, used 39753K [0x0000000083e00000, 0x0000000100000000)
  region size 1024K, 2 young (2048K), 2 survivors (2048K)
 Metaspace       used 54178K, committed 54400K, reserved 1114112K
  class space    used 6454K, committed 6528K, reserved 1048576K
}
Event: 8.691 GC heap before
{Heap before GC invocations=17 (full 0):
 garbage-first heap   total 76800K, used 58185K [0x0000000083e00000, 0x0000000100000000)
  region size 1024K, 20 young (20480K), 2 survivors (2048K)
 Metaspace       used 54696K, committed 54912K, reserved 1114112K
  class space    used 6520K, committed 6592K, reserved 1048576K
}
Event: 8.700 GC heap after
{Heap after GC invocations=18 (full 0):
 garbage-first heap   total 76800K, used 43008K [0x0000000083e00000, 0x0000000100000000)
  region size 1024K, 3 young (3072K), 3 survivors (3072K)
 Metaspace       used 54696K, committed 54912K, reserved 1114112K
  class space    used 6520K, committed 6592K, reserved 1048576K
}
Event: 8.706 GC heap before
{Heap before GC invocations=18 (full 0):
 garbage-first heap   total 76800K, used 43008K [0x0000000083e00000, 0x0000000100000000)
  region size 1024K, 4 young (4096K), 3 survivors (3072K)
 Metaspace       used 54697K, committed 54912K, reserved 1114112K
  class space    used 6520K, committed 6592K, reserved 1048576K
}
Event: 8.714 GC heap after
{Heap after GC invocations=19 (full 0):
 garbage-first heap   total 99328K, used 42976K [0x0000000083e00000, 0x0000000100000000)
  region size 1024K, 1 young (1024K), 1 survivors (1024K)
 Metaspace       used 54697K, committed 54912K, reserved 1114112K
  class space    used 6520K, committed 6592K, reserved 1048576K
}
Event: 9.639 GC heap before
{Heap before GC invocations=19 (full 0):
 garbage-first heap   total 99328K, used 75744K [0x0000000083e00000, 0x0000000100000000)
  region size 1024K, 33 young (33792K), 1 survivors (1024K)
 Metaspace       used 57789K, committed 58048K, reserved 1114112K
  class space    used 6851K, committed 6976K, reserved 1048576K
}
Event: 9.651 GC heap after
{Heap after GC invocations=20 (full 0):
 garbage-first heap   total 99328K, used 46259K [0x0000000083e00000, 0x0000000100000000)
  region size 1024K, 4 young (4096K), 4 survivors (4096K)
 Metaspace       used 57789K, committed 58048K, reserved 1114112K
  class space    used 6851K, committed 6976K, reserved 1048576K
}
Event: 10.809 GC heap before
{Heap before GC invocations=20 (full 0):
 garbage-first heap   total 99328K, used 76979K [0x0000000083e00000, 0x0000000100000000)
  region size 1024K, 34 young (34816K), 4 survivors (4096K)
 Metaspace       used 63186K, committed 63488K, reserved 1114112K
  class space    used 7406K, committed 7488K, reserved 1048576K
}
Event: 10.823 GC heap after
{Heap after GC invocations=21 (full 0):
 garbage-first heap   total 99328K, used 49506K [0x0000000083e00000, 0x0000000100000000)
  region size 1024K, 4 young (4096K), 4 survivors (4096K)
 Metaspace       used 63186K, committed 63488K, reserved 1114112K
  class space    used 7406K, committed 7488K, reserved 1048576K
}
Event: 11.882 GC heap before
{Heap before GC invocations=21 (full 0):
 garbage-first heap   total 99328K, used 77154K [0x0000000083e00000, 0x0000000100000000)
  region size 1024K, 31 young (31744K), 4 survivors (4096K)
 Metaspace       used 65200K, committed 65536K, reserved 1114112K
  class space    used 7639K, committed 7808K, reserved 1048576K
}
Event: 11.903 GC heap after
{Heap after GC invocations=22 (full 0):
 garbage-first heap   total 99328K, used 53526K [0x0000000083e00000, 0x0000000100000000)
  region size 1024K, 4 young (4096K), 4 survivors (4096K)
 Metaspace       used 65200K, committed 65536K, reserved 1114112K
  class space    used 7639K, committed 7808K, reserved 1048576K
}
Event: 12.698 GC heap before
{Heap before GC invocations=23 (full 0):
 garbage-first heap   total 99328K, used 77078K [0x0000000083e00000, 0x0000000100000000)
  region size 1024K, 28 young (28672K), 4 survivors (4096K)
 Metaspace       used 70171K, committed 70528K, reserved 1114112K
  class space    used 8198K, committed 8384K, reserved 1048576K
}
Event: 12.713 GC heap after
{Heap after GC invocations=24 (full 0):
 garbage-first heap   total 99328K, used 55262K [0x0000000083e00000, 0x0000000100000000)
  region size 1024K, 2 young (2048K), 2 survivors (2048K)
 Metaspace       used 70171K, committed 70528K, reserved 1114112K
  class space    used 8198K, committed 8384K, reserved 1048576K
}
Event: 12.748 GC heap before
{Heap before GC invocations=24 (full 0):
 garbage-first heap   total 99328K, used 57310K [0x0000000083e00000, 0x0000000100000000)
  region size 1024K, 4 young (4096K), 2 survivors (2048K)
 Metaspace       used 70203K, committed 70528K, reserved 1114112K
  class space    used 8198K, committed 8384K, reserved 1048576K
}
Event: 12.767 GC heap after
{Heap after GC invocations=25 (full 0):
 garbage-first heap   total 220160K, used 55778K [0x0000000083e00000, 0x0000000100000000)
  region size 1024K, 1 young (1024K), 1 survivors (1024K)
 Metaspace       used 70203K, committed 70528K, reserved 1114112K
  class space    used 8198K, committed 8384K, reserved 1048576K
}

